Using pre-set license
Built from '2020.3/staging' branch; Version is '2020.3.0f1 (c7b5465681fb) revision 13088070'; Using compiler version '192528614'; Build Type 'Release'
OS: 'Windows 10 Home; OS build 19042.1237; Version 2009; 64bit' Language: 'en' Physical Memory: 16315 MB
BatchMode: 1, IsHumanControllingUs: 0, StartBugReporterOnCrash: 0, Is64bit: 1, IsPro: 0

 COMMAND LINE ARGUMENTS:
C:\Program Files\Unity\Hub\Editor\2020.3.0f1\Editor\Unity.exe
-adb2
-batchMode
-noUpm
-name
AssetImportWorker0
-projectPath
C:/Users/Nicke/Lidgren/2D-Glow/New Unity Project
-logFile
Logs/AssetImportWorker0.log
-srvPort
61360
Successfully changed project path to: C:/Users/Nicke/Lidgren/2D-Glow/New Unity Project
C:/Users/Nicke/Lidgren/2D-Glow/New Unity Project
Using Asset Import Pipeline V2.
Refreshing native plugins compatible for Editor in 42.93 ms, found 0 plugins.
Preloading 0 native plugins for Editor in 0.00 ms.
Initialize engine version: 2020.3.0f1 (c7b5465681fb)
[Subsystems] Discovering subsystems at path C:/Program Files/Unity/Hub/Editor/2020.3.0f1/Editor/Data/Resources/UnitySubsystems
[Subsystems] Discovering subsystems at path C:/Users/Nicke/Lidgren/2D-Glow/New Unity Project/Assets
GfxDevice: creating device client; threaded=0
Direct3D:
    Version:  Direct3D 11.0 [level 11.1]
    Renderer: NVIDIA GeForce GTX 1070 Ti (ID=0x1b82)
    Vendor:   
    VRAM:     8079 MB
    Driver:   27.21.14.6140
Shader 'Universal Render Pipeline/Particles/Lit': fallback shader 'Universal Render Pipeline/Particles/SimpleLit' not found
Initialize mono
Mono path[0] = 'C:/Program Files/Unity/Hub/Editor/2020.3.0f1/Editor/Data/Managed'
Mono path[1] = 'C:/Program Files/Unity/Hub/Editor/2020.3.0f1/Editor/Data/MonoBleedingEdge/lib/mono/unityjit'
Mono config path = 'C:/Program Files/Unity/Hub/Editor/2020.3.0f1/Editor/Data/MonoBleedingEdge/etc'
Using monoOptions --debugger-agent=transport=dt_socket,embedding=1,server=y,suspend=n,address=127.0.0.1:56480
Begin MonoManager ReloadAssembly
Registering precompiled unity dll's ...
Register platform support module: C:/Program Files/Unity/Hub/Editor/2020.3.0f1/Editor/Data/PlaybackEngines/WebGLSupport/UnityEditor.WebGL.Extensions.dll
Register platform support module: C:/Program Files/Unity/Hub/Editor/2020.3.0f1/Editor/Data/PlaybackEngines/WindowsStandaloneSupport/UnityEditor.WindowsStandalone.Extensions.dll
Registered in 0.003043 seconds.
Native extension for WindowsStandalone target not found
Native extension for WebGL target not found
Refreshing native plugins compatible for Editor in 44.88 ms, found 0 plugins.
Preloading 0 native plugins for Editor in 0.00 ms.
Invoked RoslynAnalysisRunner static constructor.
RoslynAnalysisRunner will not be running.
RoslynAnalysisRunner has terminated.
Mono: successfully reloaded assembly
- Completed reload, in  1.453 seconds
Platform modules already initialized, skipping
Registering precompiled user dll's ...
Registered in 0.001634 seconds.
Begin MonoManager ReloadAssembly
Native extension for WindowsStandalone target not found
Native extension for WebGL target not found
Refreshing native plugins compatible for Editor in 46.13 ms, found 0 plugins.
Preloading 0 native plugins for Editor in 0.00 ms.
[ScriptCompilation] NOT recompiling all scripts because this is an import worker process. Reason to compile was: Define symbols changed
Invoked RoslynAnalysisRunner static constructor.
RoslynAnalysisRunner will not be running.
RoslynAnalysisRunner has terminated.
Mono: successfully reloaded assembly
- Completed reload, in  1.098 seconds
Platform modules already initialized, skipping
========================================================================
Worker process is ready to serve import requests
Shader 'Universal Render Pipeline/Particles/Lit': fallback shader 'Universal Render Pipeline/Particles/SimpleLit' not found
Launched and connected shader compiler UnityShaderCompiler.exe after 0.05 seconds
Refreshing native plugins compatible for Editor in 0.59 ms, found 0 plugins.
Preloading 0 native plugins for Editor in 0.00 ms.
Unloading 2485 Unused Serialized files (Serialized files now loaded: 0)
System memory in use before: 115.2 MB.
System memory in use after: 115.4 MB.

Unloading 11 unused Assets to reduce memory usage. Loaded Objects now: 2927.
Total: 2.178000 ms (FindLiveObjects: 0.318700 ms CreateObjectMapping: 0.066800 ms MarkObjects: 1.709600 ms  DeleteObjects: 0.081800 ms)

========================================================================
Received Import Request.
  path: Assets/Pipe_Renderer.asset
  artifactKey: Guid(2735987f7adfc1c49ba16810efc4cf12) Importer(815301076,1909f56bfc062723c751e8b465ee728b)
Start importing Assets/Pipe_Renderer.asset using Guid(2735987f7adfc1c49ba16810efc4cf12) Importer(815301076,1909f56bfc062723c751e8b465ee728b)  -> (artifact id: '462ce662a51b552668f7171b89313d68') in 0.074208 seconds
  Import took 0.078301 seconds .

========================================================================
Received Import Request.
  Time since last request: 0.000184 seconds.
  path: Assets/Pipe.asset
  artifactKey: Guid(5f815abf6c954fd4798820f0c7168b7b) Importer(815301076,1909f56bfc062723c751e8b465ee728b)
Start importing Assets/Pipe.asset using Guid(5f815abf6c954fd4798820f0c7168b7b) Importer(815301076,1909f56bfc062723c751e8b465ee728b)  -> (artifact id: '0ef21ea911210c1606290a5f054e25a0') in 0.033499 seconds
  Import took 0.037702 seconds .

========================================================================
Received Prepare
Switching render pipeline 00000000000000000000000000000000 -> 5f815abf6c954fd4798820f0c7168b7b
Shader 'Universal Render Pipeline/Particles/Lit': fallback shader 'Universal Render Pipeline/Particles/SimpleLit' not found
Refreshing native plugins compatible for Editor in 1.29 ms, found 0 plugins.
Preloading 0 native plugins for Editor in 0.00 ms.
Unloading 52 Unused Serialized files (Serialized files now loaded: 0)
System memory in use before: 65.9 MB.
System memory in use after: 66.1 MB.

Unloading 4 unused Assets to reduce memory usage. Loaded Objects now: 2975.
Total: 2.365900 ms (FindLiveObjects: 0.267900 ms CreateObjectMapping: 0.063500 ms MarkObjects: 1.976000 ms  DeleteObjects: 0.057500 ms)

========================================================================
Received Import Request.
  Time since last request: 83.826307 seconds.
  path: Assets
  artifactKey: Guid(00000000000000001000000000000000) Importer(815301076,1909f56bfc062723c751e8b465ee728b)
Start importing Assets using Guid(00000000000000001000000000000000) Importer(815301076,1909f56bfc062723c751e8b465ee728b)  -> (artifact id: '42baae205c97e3337697759514652acd') in 0.008781 seconds
  Import took 0.012668 seconds .

========================================================================
Received Import Request.
  Time since last request: 134.365897 seconds.
  path: Assets/Pipe_Renderer.asset
  artifactKey: Guid(2735987f7adfc1c49ba16810efc4cf12) Importer(815301076,1909f56bfc062723c751e8b465ee728b)
Start importing Assets/Pipe_Renderer.asset using Guid(2735987f7adfc1c49ba16810efc4cf12) Importer(815301076,1909f56bfc062723c751e8b465ee728b)  -> (artifact id: '23a4383845d45e9ccfb66d0e47a7afcb') in 0.009756 seconds
  Import took 0.013430 seconds .

========================================================================
Received Import Request.
  Time since last request: 1006.417696 seconds.
  path: Assets/Scenes
  artifactKey: Guid(7dd70d32b7c8026418f54fbfde7eb7cf) Importer(815301076,1909f56bfc062723c751e8b465ee728b)
Start importing Assets/Scenes using Guid(7dd70d32b7c8026418f54fbfde7eb7cf) Importer(815301076,1909f56bfc062723c751e8b465ee728b)  -> (artifact id: 'ac8da0bc737f5857dffcd2f36b362e2a') in 0.008740 seconds
  Import took 0.013554 seconds .

========================================================================
Received Import Request.
  Time since last request: 0.000805 seconds.
  path: Assets/Scenes
  artifactKey: Guid(7dd70d32b7c8026418f54fbfde7eb7cf) Importer(815301076,1909f56bfc062723c751e8b465ee728b)
Start importing Assets/Scenes using Guid(7dd70d32b7c8026418f54fbfde7eb7cf) Importer(815301076,1909f56bfc062723c751e8b465ee728b)  -> (artifact id: 'ac8da0bc737f5857dffcd2f36b362e2a') in 0.003676 seconds
  Import took 0.007340 seconds .

========================================================================
Received Import Request.
  Time since last request: 395.211139 seconds.
  path: Assets/New 2D Renderer Data.asset
  artifactKey: Guid(107d167be8121314f95b7c574727fe69) Importer(815301076,1909f56bfc062723c751e8b465ee728b)
Start importing Assets/New 2D Renderer Data.asset using Guid(107d167be8121314f95b7c574727fe69) Importer(815301076,1909f56bfc062723c751e8b465ee728b)  -> (artifact id: '82915c823e0e9f39802df7a57ab1cece') in 0.015105 seconds
  Import took 0.019146 seconds .

========================================================================
Received Prepare
Shader 'Universal Render Pipeline/Particles/Lit': fallback shader 'Universal Render Pipeline/Particles/SimpleLit' not found
Refreshing native plugins compatible for Editor in 1.44 ms, found 0 plugins.
Preloading 0 native plugins for Editor in 0.00 ms.
Unloading 4 Unused Serialized files (Serialized files now loaded: 0)
System memory in use before: 64.5 MB.
System memory in use after: 64.7 MB.

Unloading 4 unused Assets to reduce memory usage. Loaded Objects now: 2975.
Total: 3.497800 ms (FindLiveObjects: 0.584600 ms CreateObjectMapping: 0.105900 ms MarkObjects: 2.729700 ms  DeleteObjects: 0.075100 ms)

AssetImportParameters requested are different than current active one (requested -> active):
  custom:srp/default-shader: 0000e00a000e0de00000e000e02d0000 -> 0000e00a000e0de00000e000e0000000
AssetImportWorkerClient::OnTransportError - code=2 error=End of file
